<?xml version="1.0" encoding="UTF-8"?>
<!-- Generated by org.testng.reporters.JUnitXMLReporter -->
<testsuite ignored="2" hostname="DESKTOP-VMTOFAV" failures="0" tests="2" name="Test" time="0.122" errors="0" timestamp="2022-03-29T05:14:04 GMT-07:00">
  <testcase classname="TestNG.IncludeExcludeTest" name="a" time="0.02"/>
  <testcase classname="TestNG.IncludeExcludeTest" name="c" time="0.004"/>
  <testcase classname="TestNG.IncludeExcludeTest" name="d" time="0.0">
    <ignored/>
  </testcase> <!-- d -->
  <testcase classname="TestNG.IncludeExcludeTest" name="b" time="0.0">
    <ignored/>
  </testcase> <!-- b -->
</testsuite> <!-- Test -->
